TN:
SF:D:\typescript_playgroud\frameworks\Aurelia\aurelia-app\src\ClickableItem.js
FN:1,(anonymous_0)
FN:7,(anonymous_1)
FN:11,(anonymous_2)
FN:12,ClickableItem
FNF:4
FNH:0
FNDA:0,(anonymous_0)
FNDA:0,(anonymous_1)
FNDA:0,(anonymous_2)
FNDA:0,ClickableItem
DA:1,0
DA:2,0
DA:3,0
DA:4,0
DA:5,0
DA:7,0
DA:8,0
DA:11,0
DA:14,0
DA:18,0
DA:22,0
LF:11
LH:0
BRDA:1,0,0,0
BRDA:1,0,1,0
BRDA:1,0,2,0
BRDA:2,1,0,0
BRDA:2,1,1,0
BRDA:2,2,0,0
BRDA:2,2,1,0
BRDA:3,3,0,0
BRDA:3,3,1,0
BRDA:3,4,0,0
BRDA:3,4,1,0
BRDA:4,5,0,0
BRDA:4,5,1,0
BRDA:4,6,0,0
BRDA:4,6,1,0
BRDA:4,7,0,0
BRDA:4,7,1,0
BRDA:4,8,0,0
BRDA:4,8,1,0
BRDA:5,9,0,0
BRDA:5,9,1,0
BRDA:5,9,2,0
BRDA:7,10,0,0
BRDA:7,10,1,0
BRDA:7,10,2,0
BRDA:8,11,0,0
BRDA:8,11,1,0
BRDA:8,12,0,0
BRDA:8,12,1,0
BRF:29
BRH:0
end_of_record
TN:
SF:D:\typescript_playgroud\frameworks\Aurelia\aurelia-app\src\ClickableItem.ts
FN:2,(anonymous_2)
FNF:1
FNH:1
FNDA:1,(anonymous_2)
DA:1,1
DA:2,1
DA:3,1
DA:4,1
DA:5,1
LF:5
LH:5
BRF:0
BRH:0
end_of_record
TN:
SF:D:\typescript_playgroud\frameworks\Aurelia\aurelia-app\src\app.js
FN:1,(anonymous_0)
FN:2,App
FN:11,(anonymous_2)
FN:14,(anonymous_3)
FNF:4
FNH:0
FNDA:0,(anonymous_0)
FNDA:0,App
FNDA:0,(anonymous_2)
FNDA:0,(anonymous_3)
DA:1,0
DA:3,0
DA:4,0
DA:9,0
DA:11,0
DA:12,0
DA:14,0
DA:15,0
DA:17,0
LF:9
LH:0
BRF:0
BRH:0
end_of_record
TN:
SF:D:\typescript_playgroud\frameworks\Aurelia\aurelia-app\src\app.ts
FN:2,(anonymous_0)
FN:10,App
FN:13,(anonymous_2)
FN:16,(anonymous_3)
FNF:4
FNH:2
FNDA:1,(anonymous_0)
FNDA:3,App
FNDA:0,(anonymous_2)
FNDA:0,(anonymous_3)
DA:2,1
DA:3,3
DA:5,3
DA:11,3
DA:13,1
DA:14,0
DA:16,1
DA:17,0
DA:19,1
LF:9
LH:7
BRF:0
BRH:0
end_of_record
TN:
SF:D:\typescript_playgroud\frameworks\Aurelia\aurelia-app\src\environment.js
FNF:0
FNH:0
LF:0
LH:0
BRF:0
BRH:0
end_of_record
TN:
SF:D:\typescript_playgroud\frameworks\Aurelia\aurelia-app\src\environment.ts
FNF:0
FNH:0
DA:1,0
LF:1
LH:0
BRF:0
BRH:0
end_of_record
TN:
SF:D:\typescript_playgroud\frameworks\Aurelia\aurelia-app\src\main.js
FN:4,configure
FN:12,(anonymous_1)
FNF:2
FNH:0
FNDA:0,configure
FNDA:0,(anonymous_1)
DA:5,0
DA:8,0
DA:9,0
DA:10,0
DA:12,0
LF:5
LH:0
BRDA:8,0,0,0
BRDA:8,0,1,0
BRDA:9,1,0,0
BRDA:9,1,1,0
BRF:4
BRH:0
end_of_record
TN:
SF:D:\typescript_playgroud\frameworks\Aurelia\aurelia-app\src\main.ts
FN:6,configure
FN:17,(anonymous_2)
FNF:2
FNH:0
FNDA:0,configure
FNDA:0,(anonymous_2)
DA:1,0
DA:3,0
DA:4,0
DA:6,0
DA:7,0
DA:11,0
DA:13,0
DA:14,0
DA:17,0
LF:9
LH:0
BRDA:11,0,0,0
BRDA:11,0,1,0
BRDA:13,1,0,0
BRDA:13,1,1,0
BRF:4
BRH:0
end_of_record
TN:
SF:D:\typescript_playgroud\frameworks\Aurelia\aurelia-app\src\resources\index.js
FN:1,configure
FNF:1
FNH:0
FNDA:0,configure
LF:0
LH:0
BRF:0
BRH:0
end_of_record
TN:
SF:D:\typescript_playgroud\frameworks\Aurelia\aurelia-app\src\resources\index.ts
FN:3,configure
FNF:1
FNH:0
FNDA:0,configure
DA:3,0
LF:1
LH:0
BRF:0
BRH:0
end_of_record
